-695
0 23 60
0 28 96
0 18 -91
0 7 29
0 22 37
0 19 82
1 23 56
1 8 -81
1 22 99
1 0 38
1 17 76
1 28 91
1 7 -95
1 18 70
1 19 82
1 6 97
1 27 74
1 9 -22
1 14 -22
1 15 3
1 20 -20
1 4 -95
1 29 39
1 10 -49
1 24 -54
2 15 66
2 20 13
2 24 41
2 1 -88
2 4 -22
2 6 94
2 29 -72
2 18 34
2 22 -67
2 27 -46
2 17 -68
2 0 -100
2 10 58
2 14 23
2 8 68
2 7 -26
2 23 -88
2 28 -29
2 19 70
2 9 -93
3 24 16
3 6 0
3 18 28
3 15 60
3 23 89
3 20 81
3 12 92
3 11 -33
3 5 -7
3 0 -32
3 25 36
3 17 82
3 19 60
3 22 -17
3 10 45
3 28 -59
3 8 28
3 4 92
3 14 20
3 1 -5
3 7 -32
3 9 86
3 2 8
3 27 69
3 29 -74
4 19 -2
4 20 44
4 15 78
4 0 -42
4 18 -13
4 9 -7
4 17 68
4 23 -10
4 22 99
4 28 -25
4 7 96
4 10 -91
4 27 -20
5 4 11
5 2 74
5 0 -48
5 23 -22
5 28 84
5 11 -99
5 7 79
5 14 -74
5 1 -17
5 8 -85
5 27 -30
5 24 -56
5 18 43
5 10 30
5 6 58
5 29 85
5 17 92
5 22 95
5 9 20
5 20 29
5 15 73
5 19 -13
6 14 -68
6 17 -2
6 29 -92
6 7 56
6 23 11
6 22 8
6 19 -21
6 4 34
6 24 22
6 18 -30
6 27 26
6 20 -71
6 15 -87
6 10 -46
6 9 29
6 0 46
6 8 34
6 28 -77
7 22 68
7 18 5
7 28 -49
7 23 -36
7 19 92
8 7 42
8 17 59
8 18 57
8 28 -47
8 10 -24
8 20 19
8 4 -38
8 29 98
8 9 1
8 27 -7
8 24 99
8 23 -48
8 0 -75
8 19 85
8 22 75
8 15 35
9 23 -88
9 17 27
9 28 -93
9 18 -40
9 0 -24
9 22 18
9 19 6
9 7 18
9 20 -68
9 15 25
9 10 -75
9 27 23
10 23 98
10 18 49
10 0 -11
10 19 76
10 7 24
10 22 75
10 28 60
10 20 87
11 4 -49
11 15 -24
11 9 -55
11 27 -56
11 2 -72
11 20 67
11 8 94
11 28 -63
11 24 20
11 0 4
11 1 -85
11 10 51
11 6 68
11 22 -16
11 29 -85
11 19 -3
11 18 -30
11 7 -71
11 17 -15
11 14 -60
11 23 -52
12 28 -55
12 0 52
12 2 -75
12 22 99
12 18 -37
12 23 2
12 20 -42
12 19 -64
12 6 60
12 1 -91
12 14 55
12 8 -6
12 5 78
12 10 -35
12 17 -11
12 7 47
12 11 92
12 24 -37
12 29 90
12 9 -15
12 27 35
12 25 -32
12 15 78
12 4 65
13 11 12
13 3 -78
13 12 -20
13 21 -38
13 10 -17
13 1 -75
13 27 -13
13 7 -74
13 0 23
13 16 95
13 14 100
13 6 -70
13 26 -7
13 23 -68
13 24 39
13 20 100
13 5 -55
13 28 -68
13 18 67
13 9 -60
13 15 -63
13 19 -6
13 29 83
13 2 -4
13 25 79
13 22 -74
13 8 -77
13 17 6
13 4 56
14 23 -100
14 10 -32
14 0 -54
14 27 -100
14 8 71
14 29 86
14 19 -61
14 24 -25
14 17 -87
14 4 -21
14 20 76
14 9 -80
14 7 31
14 28 -31
14 22 -49
14 18 -34
14 15 83
15 7 -46
15 18 9
15 28 -62
15 20 -35
15 23 12
15 19 9
15 0 -48
15 22 -82
15 10 3
16 28 -50
16 9 65
16 0 -47
16 14 46
16 6 -20
16 2 -65
16 11 -95
16 20 -23
16 8 -45
16 24 91
16 12 94
16 23 -66
16 17 -92
16 27 6
16 29 -6
16 3 90
16 19 -84
16 21 -56
16 25 -7
16 18 -32
16 4 -26
16 26 48
16 5 -91
16 15 -81
16 1 40
16 7 -93
16 10 53
16 22 -50
17 18 26
17 20 43
17 0 -27
17 10 -98
17 28 30
17 22 43
17 15 -100
17 7 66
17 23 -5
17 27 -90
17 19 -91
18 23 98
18 22 17
18 19 -28
18 28 -21
19 28 61
20 19 -32
20 23 -56
20 22 -19
20 7 84
20 0 -80
20 18 -56
20 28 77
21 26 99
21 8 75
21 1 -21
21 5 84
21 15 88
21 11 -19
21 22 -2
21 9 62
21 0 -30
21 27 -68
21 10 -84
21 23 83
21 24 92
21 2 53
21 6 -71
21 17 -89
21 20 22
21 3 -18
21 12 -60
21 25 -65
21 4 43
21 18 -49
21 28 19
21 19 -20
21 29 46
21 7 57
21 14 38
22 19 -97
22 28 -21
23 28 -13
23 19 -63
23 22 42
24 23 -32
24 4 -70
24 18 -44
24 0 42
24 28 83
24 17 -71
24 9 23
24 29 1
24 20 74
24 7 -60
24 10 30
24 15 25
24 27 64
24 22 -53
24 19 -44
25 18 0
25 17 85
25 5 -96
25 22 -50
25 7 -38
25 23 -32
25 15 25
25 2 -45
25 1 -82
25 19 -46
25 29 58
25 9 68
25 20 47
25 10 31
25 4 -55
25 28 89
25 8 -69
25 11 -15
25 0 76
25 14 -44
25 6 -72
25 27 -42
25 24 -65
26 6 79
26 1 20
26 4 33
26 3 -16
26 22 -80
26 9 -58
26 24 48
26 8 36
26 5 -77
26 20 -32
26 17 -22
26 27 0
26 15 -92
26 14 -4
26 23 -20
26 28 96
26 19 -10
26 7 54
26 0 -44
26 2 -4
26 10 -39
26 29 -55
26 12 -74
26 11 51
26 18 -56
26 25 -60
27 10 47
27 23 -55
27 22 -83
27 15 -12
27 18 -35
27 0 60
27 20 -73
27 7 -81
27 19 -80
27 28 -15
29 28 -27
29 10 -67
29 15 18
29 9 -99
29 17 46
29 23 47
29 0 50
29 18 22
29 27 -45
29 19 -64
29 22 25
29 7 -4
29 20 36
29 4 43
