-31931
0 448 -67
0 206 -16
0 229 24
1 278 -53
1 356 -17
1 314 26
1 400 -53
3 41 -44
3 388 -18
3 407 56
5 153 60
5 401 -11
5 368 29
6 292 -35
6 437 10
6 131 -25
7 497 68
7 289 -46
7 413 48
8 142 41
8 217 70
8 345 -43
8 246 -72
9 19 42
9 292 39
9 34 61
9 234 -96
9 133 -98
10 490 3
10 285 -10
10 281 49
10 288 -46
11 460 29
11 373 -98
11 30 8
11 106 -97
12 151 -54
12 454 -68
12 346 -96
12 282 -82
12 478 7
15 13 25
16 246 -64
16 177 -21
16 92 -66
16 299 63
18 448 -30
20 344 -69
22 366 -4
22 163 22
22 79 -71
22 429 69
23 265 -24
24 231 -18
24 313 -29
24 20 57
24 100 -98
25 375 -25
25 61 -52
25 15 -63
25 86 -76
25 497 -44
25 40 -17
26 454 53
26 323 -7
26 113 -33
26 173 22
26 179 -87
27 393 9
27 138 -94
27 19 -41
27 40 -76
27 375 -89
28 328 -11
29 53 -69
29 308 -27
29 429 -37
29 489 63
29 478 -3
32 316 58
32 435 8
32 212 -23
32 448 24
34 475 -4
34 367 13
34 497 -37
35 79 -84
35 272 24
35 64 -96
35 254 49
35 474 -44
35 109 -67
37 319 32
38 65 -57
38 222 -7
38 235 -77
38 42 -47
39 263 -66
40 367 -13
40 78 -23
41 372 49
42 65 -18
43 61 42
43 89 -10
43 313 -36
43 62 -80
43 218 38
43 46 3
43 425 -36
43 491 -90
45 235 -40
45 206 -41
45 438 -85
45 471 -71
45 316 -67
45 382 31
48 411 67
48 298 -60
48 15 -78
49 30 -62
50 192 -48
50 129 70
50 218 -14
50 374 65
50 336 -89
50 482 -99
51 456 22
52 31 -53
52 264 23
53 137 40
53 247 40
55 339 52
55 332 -52
55 37 -99
55 405 69
55 368 -74
55 0 -42
57 388 25
57 280 -58
57 248 -79
58 322 -41
58 183 -69
58 14 33
59 15 15
59 477 -96
59 186 4
60 42 -52
60 229 -52
60 349 18
60 161 -31
60 51 -28
61 36 -11
61 350 21
61 485 -99
61 208 -69
61 84 -94
61 122 -26
61 145 -86
62 401 -11
63 97 48
64 298 34
64 42 -55
66 95 -44
68 368 -38
68 315 -10
68 153 -16
68 49 47
69 369 -17
69 135 -12
69 468 -33
70 111 2
70 135 -68
70 309 29
70 6 -96
71 446 19
72 97 -2
72 460 31
73 180 68
73 93 -71
74 81 -43
74 165 27
74 449 -55
74 445 -35
74 339 -28
74 110 -78
74 28 -56
74 295 -43
74 25 10
74 233 -34
75 215 45
76 445 -68
76 77 -48
76 20 -35
76 33 -96
76 478 -36
76 197 -38
76 467 -41
77 289 80
79 24 -65
79 413 73
79 358 -45
80 463 14
80 474 64
80 195 -35
80 114 -56
81 109 20
81 136 -40
81 300 -51
81 264 -98
81 19 -77
82 363 27
82 124 -3
82 316 -91
83 339 -69
83 79 79
83 273 61
84 470 -51
84 125 68
84 443 -80
85 272 44
85 300 -32
85 79 -37
85 191 -88
85 274 -15
85 251 -52
85 220 -10
85 395 -42
86 460 73
86 212 12
86 145 2
87 289 -19
87 283 40
88 39 -51
88 310 13
88 245 -24
88 365 -98
88 353 -11
88 49 1
89 491 -49
89 106 3
90 288 34
90 202 -65
90 245 -63
90 87 27
90 352 -84
90 313 -57
91 235 47
91 418 41
92 17 36
93 163 -24
94 289 -94
94 237 11
94 239 47
95 71 1
95 486 -26
96 60 -93
96 408 41
96 17 -2
96 426 -18
96 407 35
97 348 55
98 100 -32
98 78 -80
98 319 30
98 63 -26
98 7 -99
98 195 -70
98 325 -75
99 56 71
100 332 -60
100 402 22
101 42 61
101 388 -86
101 399 41
101 422 -90
101 8 17
101 396 18
103 189 -16
103 150 -21
103 263 2
103 81 -45
104 419 -25
104 98 52
105 343 -50
105 436 -99
105 211 -36
105 17 -89
105 32 58
105 177 -36
107 335 -88
108 186 -24
108 71 45
108 379 56
108 310 -28
108 331 59
108 485 -27
109 475 30
109 179 -62
110 348 -34
111 154 -34
112 370 -23
113 335 -54
114 182 -63
114 178 62
114 435 -80
114 281 18
115 155 -42
115 48 0
115 257 -20
115 234 39
115 369 4
115 1 -23
115 121 -38
116 91 -39
116 325 24
116 157 3
117 217 12
117 260 31
117 171 -58
118 255 -93
118 172 -99
118 464 -59
118 421 -4
118 163 25
118 413 -29
118 262 -86
120 499 -87
120 196 0
120 135 -8
120 71 -54
120 87 -45
122 436 69
122 344 -44
122 468 13
122 271 -55
123 425 7
123 215 56
123 292 33
123 436 38
123 366 -68
124 107 -78
124 196 -70
124 491 -19
124 336 31
124 11 -62
125 238 30
125 325 20
125 154 -99
126 153 38
126 443 -98
126 257 -20
126 109 -91
126 174 -66
126 158 -84
126 284 -100
127 94 -54
127 45 -91
127 450 -5
127 398 -83
127 51 -55
127 300 20
127 178 -9
127 396 -93
127 294 -45
127 498 -82
128 281 34
130 250 -74
131 292 -10
132 8 -3
132 45 -85
132 474 -97
133 247 -14
133 355 -60
133 489 -21
133 162 -17
134 215 6
134 158 -39
134 424 -39
137 224 -33
138 475 -34
138 328 -94
138 486 -78
139 376 10
139 264 21
140 54 10
140 406 -23
140 87 12
140 401 -99
140 305 71
140 206 37
141 182 40
141 282 48
141 38 1
142 322 -91
143 154 29
144 249 49
145 154 -17
146 111 -30
146 322 36
146 272 0
146 491 35
146 227 -7
147 401 27
147 447 43
147 214 -61
147 495 57
148 180 -52
149 137 -57
150 91 8
150 360 33
151 370 25
151 262 -99
151 465 8
151 414 -100
152 489 -79
152 445 16
152 429 -15
152 361 -71
154 14 -67
154 319 33
155 444 -54
156 179 -66
156 309 9
156 210 -72
156 388 -33
156 41 -90
157 402 -9
157 280 -53
157 16 38
159 107 -11
159 15 13
160 471 10
160 384 -79
160 159 -41
160 208 24
162 125 -74
162 319 -30
162 223 37
162 54 -18
162 121 -56
162 171 -85
163 395 -80
164 453 -62
164 320 35
164 124 17
164 276 51
164 431 15
165 215 -56
165 18 -81
166 31 -50
167 79 51
167 39 -63
167 396 32
168 454 -45
170 86 41
170 204 -38
170 269 -54
170 297 8
173 491 39
173 248 -42
173 465 58
173 249 -46
174 183 0
174 462 47
174 163 -53
175 430 -96
176 216 8
176 131 -1
177 235 45
177 421 -98
177 171 -21
177 238 42
178 292 -55
178 264 -90
179 17 -68
182 482 -20
183 210 -82
183 31 -78
184 2 -61
184 434 -43
184 194 -1
184 48 -20
185 180 -4
185 460 26
186 54 -66
187 310 32
187 384 -32
187 353 2
187 429 -15
188 398 60
188 70 7
188 276 28
188 450 -53
188 358 -88
189 373 -78
189 486 1
189 72 -9
191 217 -80
191 368 -20
191 177 -42
192 363 -81
192 304 11
192 426 12
192 14 -92
192 322 -33
193 223 -5
193 8 17
193 373 -59
193 252 7
193 355 19
194 421 -85
195 51 -1
195 63 10
195 402 -39
195 161 -46
195 247 19
195 18 -35
195 228 6
196 154 -79
198 263 70
198 322 19
198 92 -81
198 460 -71
199 328 -68
199 289 0
199 61 -62
200 135 -26
200 15 20
200 397 5
200 205 -72
200 237 -96
200 161 -56
200 358 46
200 424 58
200 277 -85
200 47 -37
201 479 -36
202 249 21
203 426 59
203 408 -67
204 405 7
204 114 -41
205 435 -7
205 46 -75
205 241 11
205 310 -24
205 44 -42
205 284 1
206 203 6
206 295 -22
206 421 13
207 24 64
207 78 -89
207 156 7
207 190 -59
208 322 -90
208 264 25
208 148 52
208 40 1
208 411 -59
209 408 -81
209 220 24
209 380 58
210 287 15
211 182 -54
212 322 -35
213 355 -90
213 183 35
213 396 33
214 496 -33
214 349 54
214 262 -48
214 33 -28
214 374 52
214 485 54
214 11 59
216 395 -53
216 212 -83
217 296 1
217 182 -34
218 186 -61
218 310 15
218 0 -9
218 424 -9
218 263 -25
219 316 -45
219 116 -45
219 12 -99
219 403 -61
219 2 17
219 435 -87
219 497 28
219 489 -83
220 370 -84
221 150 -90
221 345 28
221 350 -43
221 355 -66
221 119 -58
221 98 -36
222 216 -38
224 446 -66
226 388 -73
226 274 21
226 395 22
227 62 -99
227 318 -69
227 354 -45
227 114 42
228 456 -85
228 42 -65
229 273 -14
230 404 -1
230 400 -29
230 225 -59
231 446 30
232 187 -69
232 249 -17
232 363 -100
232 246 53
232 22 60
232 487 -13
233 435 -75
233 153 -34
233 143 -91
234 171 31
234 459 -52
235 2 -78
236 146 -84
236 277 -17
236 485 54
236 442 -74
236 331 10
236 258 -84
236 394 2
236 242 16
236 411 -88
236 454 -97
236 3 -84
236 333 -40
236 268 -83
236 431 -62
236 112 -27
237 196 -25
239 21 -50
240 341 -29
240 193 25
240 66 -57
241 284 -40
241 275 56
241 149 19
241 212 16
241 421 6
242 31 -89
242 339 -14
242 435 0
242 249 40
242 180 -3
243 177 -89
243 109 77
244 376 5
244 478 -97
244 48 -9
244 354 86
244 406 10
244 235 36
245 72 52
245 460 -69
245 302 -10
245 486 -25
246 376 -28
246 163 12
246 72 21
246 159 52
247 249 -65
247 119 27
251 247 -6
251 78 -45
251 122 -62
251 136 -37
252 319 -27
253 432 -68
253 295 -97
253 162 -25
253 252 -66
253 15 4
254 448 55
254 470 8
254 462 -83
254 468 70
255 459 -17
255 439 0
255 245 -48
255 239 60
256 437 -42
256 367 3
256 46 -13
256 424 9
256 371 -54
256 159 18
259 185 -40
259 36 64
260 97 -19
260 231 -46
260 381 -15
260 373 -74
261 419 -92
261 260 44
261 234 -16
262 292 -76
262 443 -68
263 376 -70
266 21 54
266 445 -26
267 125 -42
267 235 -93
267 260 48
267 128 -59
267 92 58
267 411 -3
267 210 -8
267 56 7
267 295 42
269 77 -84
269 34 23
270 234 37
270 477 43
272 247 -15
274 248 -23
277 448 31
277 16 66
277 477 -30
279 200 5
279 237 -5
279 423 -85
282 231 -68
282 284 31
282 348 14
284 361 -45
284 273 7
284 5 -81
284 479 -27
285 427 7
285 257 -11
286 320 -24
286 51 -97
286 186 -40
286 413 -76
286 39 -12
288 190 -16
290 104 -62
290 345 -9
290 333 -61
290 312 -27
290 11 69
290 424 -37
291 334 -65
291 319 20
291 296 49
291 313 -42
291 76 -75
291 126 -44
291 84 -3
291 455 -3
291 220 -49
292 287 54
293 7 22
293 163 -31
293 370 -42
293 216 -95
293 254 33
293 8 -52
293 113 70
293 215 -58
294 490 -82
294 334 -99
294 397 -76
294 363 25
294 71 -62
294 107 -55
294 157 -34
295 185 29
295 119 -99
296 247 20
297 53 55
298 7 -39
298 316 -28
299 131 -85
299 373 -94
300 136 51
301 359 31
301 230 34
301 368 -30
301 24 -95
301 469 -98
301 322 -37
301 458 -2
301 306 67
301 239 -28
301 178 -97
301 272 -73
301 37 61
303 109 -56
303 486 49
303 177 -17
304 216 57
304 148 -87
306 315 -28
306 430 -81
306 20 -51
306 24 -24
306 3 53
307 185 1
308 217 48
308 360 -17
308 340 -10
308 93 5
310 470 -21
310 183 25
310 264 -50
310 322 19
311 26 7
311 417 20
311 168 68
311 400 -15
311 214 53
311 144 -84
311 419 -54
311 275 -74
311 370 -95
312 203 -50
312 131 33
312 270 18
312 326 42
312 440 -93
312 379 -98
312 431 -24
312 33 -76
312 422 57
312 248 -84
313 302 -31
314 263 11
314 79 -54
314 110 33
314 220 34
314 246 -51
315 169 59
315 121 51
315 65 -62
316 273 -14
316 479 -91
317 113 -81
317 470 55
317 270 2
317 89 -93
318 414 -53
318 449 -93
318 446 -59
318 172 -77
320 499 5
322 258 -11
324 120 -44
324 255 -49
324 171 41
324 465 -66
325 36 -70
325 163 -15
325 143 -75
326 408 39
326 30 -85
326 341 -62
326 483 -4
326 271 72
327 382 -76
327 457 -61
327 88 26
327 190 -19
327 2 -57
328 435 -38
328 100 -28
329 121 32
329 300 13
329 491 -37
329 354 25
329 316 24
330 365 -100
330 435 -63
330 16 -72
330 226 -93
331 186 80
331 249 -69
334 337 -64
334 419 29
334 278 -48
336 365 41
336 171 -34
336 136 71
337 398 -31
337 302 22
337 372 -50
338 44 -48
338 497 63
340 385 -7
340 488 -48
340 348 23
340 95 9
340 355 26
340 286 57
340 204 53
341 224 -51
341 41 -23
341 210 73
341 370 4
341 439 9
341 263 69
342 73 -21
342 407 60
342 161 31
342 262 42
342 269 -2
342 459 -72
343 42 -7
343 17 26
343 89 -21
343 159 -85
344 148 18
344 395 -13
344 367 -41
345 281 44
345 363 -14
345 52 -38
346 131 -100
346 23 -52
346 274 -14
346 269 -97
346 298 51
347 332 59
347 454 15
347 247 14
349 92 -89
349 190 -65
349 336 64
349 465 9
351 456 19
351 309 -68
351 318 -58
351 282 -91
351 280 26
352 142 3
353 278 44
353 67 7
354 214 54
354 7 -26
354 373 -45
354 478 -15
354 306 4
354 169 -68
354 490 -71
355 264 -52
357 73 -63
357 102 -11
357 419 61
357 237 -100
357 474 -97
357 276 -49
357 482 2
357 399 -87
359 344 -61
359 247 -64
359 444 -37
359 317 -89
359 34 62
359 31 68
359 32 -50
360 247 -12
360 457 -37
361 11 5
361 328 22
361 149 -10
362 74 -38
362 267 -28
365 470 -25
365 180 34
365 322 -26
365 185 -61
365 129 67
366 358 -85
370 180 -66
370 107 39
370 54 14
371 183 11
371 228 -74
371 31 -92
371 197 16
371 499 -91
371 446 7
372 52 14
375 173 -30
375 388 -71
375 183 -52
375 233 -90
375 435 7
376 319 23
377 483 -59
377 5 -54
377 424 -70
378 121 -73
379 276 67
379 331 -6
379 363 -96
381 36 -28
381 482 12
381 450 -5
383 196 -78
383 192 -50
383 58 -70
383 456 -3
383 292 -94
383 230 47
383 115 -66
384 97 -8
385 250 -38
385 249 -40
385 264 -86
385 162 -7
386 395 9
386 490 -92
387 99 -41
387 247 -51
387 192 -35
387 269 -40
388 106 -35
389 439 4
389 220 -94
389 196 -73
390 200 -53
390 448 24
390 239 -100
390 395 -84
391 398 46
391 178 -75
392 182 -98
392 121 -72
392 391 -79
392 189 -67
392 231 -79
392 417 -74
393 110 -90
393 197 -35
393 287 -60
394 335 11
394 312 -69
394 322 35
394 377 0
394 494 -39
394 11 -36
396 72 -89
397 381 -37
397 335 -28
397 278 -20
398 374 44
398 197 45
398 13 -25
398 144 55
400 252 -29
400 216 -3
400 165 44
401 197 -40
403 46 45
403 40 -6
403 306 3
403 7 -48
404 6 -11
404 344 77
404 339 -1
404 305 12
404 128 -49
405 129 30
406 325 -84
407 344 35
407 360 4
407 100 -61
407 144 -89
407 448 -83
407 216 59
407 381 -34
407 496 40
407 380 -34
408 411 -66
409 269 -93
409 215 -21
409 213 45
410 194 -44
410 140 -56
410 209 8
410 174 -87
410 292 -23
410 17 -44
412 287 -93
412 256 -100
412 171 -95
412 99 -92
412 271 -47
412 250 41
413 121 -48
413 411 -22
414 409 28
414 289 -62
415 446 14
415 200 -22
415 54 -33
416 247 36
417 101 -30
417 134 -21
417 149 54
417 264 -86
417 250 25
419 477 63
419 319 -2
419 4 -74
420 199 -66
420 489 -3
420 460 -68
420 341 41
423 454 -59
423 355 -25
423 361 -11
423 10 -4
423 400 -77
423 426 -67
423 109 35
424 13 -63
424 245 -100
425 5 -59
427 268 -63
428 259 -94
428 382 45
428 91 29
428 44 -76
428 439 13
428 125 -73
428 278 -66
429 376 -22
429 304 -31
429 358 -93
429 368 -9
429 490 1
429 355 -31
429 194 39
430 248 27
430 278 -45
430 135 -16
430 101 -98
430 61 60
430 499 -34
430 106 -94
430 169 11
430 87 -29
431 36 -36
432 401 -30
432 21 -60
432 480 -89
432 195 -50
432 65 -77
433 85 -90
433 125 -85
433 115 28
433 319 -71
433 142 21
433 320 70
433 57 12
433 137 -8
433 430 -48
434 332 -42
434 356 -81
434 182 -33
435 448 -88
436 216 -57
437 131 -76
438 460 9
438 408 -93
438 119 -45
439 344 -43
440 102 -88
440 477 76
440 281 -18
440 485 55
440 304 -11
441 197 14
441 434 18
441 112 22
441 116 -39
442 190 -90
442 301 -89
442 325 -60
442 152 -40
442 99 -31
442 447 -33
443 234 27
443 265 77
443 148 -100
444 186 83
444 113 -26
444 58 -9
444 231 -10
444 223 -50
444 249 -15
445 215 -68
445 157 26
445 111 -67
446 421 1
447 248 19
447 196 60
447 131 -47
448 368 -69
448 456 62
449 374 -11
449 73 -61
449 120 -76
449 87 7
449 13 -93
449 52 -15
450 396 -29
451 471 28
451 152 -43
451 246 -26
452 183 -7
452 407 -68
453 439 -65
453 58 -37
454 333 -70
454 39 30
454 250 -79
454 166 -53
455 281 -99
455 82 -76
455 298 -83
455 436 -87
455 342 -82
455 262 10
455 93 -54
458 374 -23
458 77 -95
458 185 16
461 23 -93
461 370 -93
461 26 -60
461 299 -6
461 129 2
461 53 -63
462 213 -33
462 299 -35
462 406 -85
462 18 -96
462 164 30
462 64 48
463 365 -54
463 461 -61
463 113 -47
463 287 -9
463 401 56
463 364 47
463 428 -64
464 142 -17
465 402 -68
465 17 6
465 395 4
466 283 -57
466 476 -12
466 250 -82
466 327 -47
466 75 -38
466 176 -96
467 264 -70
467 214 -86
467 49 -91
467 22 -96
468 421 -45
469 161 -10
469 437 -43
469 453 -86
470 154 -18
471 350 -75
471 348 -75
471 4 -74
472 303 10
472 229 -87
473 26 -66
473 295 -67
473 79 48
473 445 66
473 62 -9
474 323 -42
474 44 -41
476 477 -92
476 443 42
476 113 -98
476 479 33
476 427 -5
477 486 -68
478 393 -26
478 304 9
478 161 -26
478 413 43
478 405 -63
479 63 63
479 421 -34
479 144 -77
479 181 -94
480 345 -57
481 31 -16
481 183 -67
481 171 -69
481 295 -72
481 458 -72
483 185 74
483 34 -2
483 239 -87
483 411 -99
483 56 37
484 288 50
485 206 -65
485 212 -5
485 210 -29
485 263 78
486 373 -35
486 131 -21
487 474 -59
487 429 3
487 169 -95
487 107 -68
487 25 26
487 468 -100
487 248 45
487 458 4
487 202 0
488 298 46
488 457 -83
488 3 23
488 325 -78
488 245 -99
489 158 -46
489 11 -1
489 360 -86
490 210 2
490 479 66
490 287 43
492 341 0
492 391 -70
492 496 -37
492 333 -72
493 143 -51
493 395 -79
493 48 -7
493 315 -79
493 39 -100
493 8 34
494 98 -12
494 269 -50
494 10 48
494 106 -56
494 408 26
495 244 15
495 138 -67
495 465 -29
495 413 -75
495 92 -28
496 331 50
498 197 70
498 96 -1
498 436 55
498 499 -19
498 231 -14
