-7791
0 27 -23
0 12 -50
0 63 -54
0 58 -43
0 40 50
2 49 -79
2 18 -4
2 60 -47
2 95 -41
2 27 -49
2 15 5
2 64 7
2 12 99
2 42 -66
2 80 -80
3 19 25
3 8 -83
3 41 73
3 26 69
3 91 -54
3 66 -92
3 77 36
3 45 88
3 67 -6
3 56 -46
3 39 38
3 65 -25
3 46 -51
4 70 42
4 94 27
4 56 64
4 66 -52
4 81 18
4 61 10
4 26 -36
4 69 -21
4 42 -30
4 67 53
4 1 -34
4 14 -67
5 70 -16
5 21 44
5 8 61
5 31 -54
5 92 -52
5 64 31
6 14 -43
6 16 6
6 64 -87
6 1 -77
6 2 79
6 56 -60
6 35 -38
6 77 -87
7 19 -34
7 65 -70
7 28 -19
7 17 -31
7 10 33
7 4 31
9 70 82
9 77 -59
10 12 -89
10 89 60
10 99 -25
10 90 -77
10 94 11
12 22 7
12 31 99
12 71 -52
13 64 14
13 19 -21
13 55 24
13 76 -12
14 1 -56
14 54 -52
14 80 13
14 74 2
14 8 28
14 26 40
14 30 -72
15 29 43
15 45 -59
15 72 -75
15 30 63
16 92 39
16 25 -33
16 1 -93
16 99 4
16 39 -90
16 51 -98
16 61 -3
16 30 -94
16 91 31
17 94 65
17 95 -25
17 39 -4
17 56 -24
17 55 -45
17 28 -52
17 54 -7
18 40 33
18 34 -35
19 12 38
19 81 5
19 25 45
20 64 -34
20 32 75
20 61 50
20 47 3
20 27 -79
20 46 55
20 69 -57
20 42 98
20 82 -93
20 55 -74
20 54 -66
21 32 -75
21 84 -85
21 68 62
21 10 73
21 41 0
21 72 -91
21 34 36
21 47 -78
21 51 18
21 56 -37
21 25 2
23 56 -84
23 95 7
23 25 -84
23 69 -12
23 64 55
23 15 -27
23 72 -27
23 82 -89
24 78 17
24 34 36
24 11 -24
25 71 52
25 86 21
26 65 35
26 42 52
27 89 22
27 8 55
27 55 -85
28 15 53
28 84 32
28 78 52
28 34 14
28 51 59
28 11 47
30 44 66
30 45 -58
31 42 25
32 92 -22
32 30 -55
32 44 67
33 35 -22
33 72 -25
33 39 39
34 86 -29
34 60 -79
34 55 37
35 93 -20
35 8 11
35 34 -60
35 14 -29
35 72 -23
35 18 22
35 73 -94
35 64 -67
35 22 -96
35 54 70
35 15 34
36 16 71
36 84 29
36 0 -86
36 58 -21
36 87 -81
36 54 -89
36 30 -23
36 72 -49
36 18 -79
36 83 -61
37 27 -21
37 40 21
37 45 -99
37 44 -14
38 30 -26
39 8 -2
39 63 -44
39 82 35
40 69 -56
40 26 3
40 22 28
41 39 -39
41 92 -47
42 86 57
43 65 -97
43 84 -63
43 12 -87
43 67 -54
43 49 -25
43 47 -32
46 74 -47
46 66 -51
46 12 -52
46 8 -16
47 93 -74
47 14 63
47 96 48
47 78 -100
47 37 -47
47 56 -39
47 51 82
47 82 -57
48 76 14
48 2 22
48 15 -30
48 53 -74
48 10 -33
48 18 -53
48 66 51
48 14 -96
48 87 -76
48 90 -40
49 71 44
49 30 35
49 34 -44
49 11 57
49 93 15
50 72 1
50 13 19
50 66 -92
50 46 -61
50 70 -76
50 26 -44
50 98 -20
50 23 52
50 76 -85
50 60 -66
50 83 -98
50 79 2
50 63 44
50 6 -63
50 15 19
50 35 -31
51 91 -40
51 89 39
52 23 66
52 22 -53
52 48 -93
52 86 -62
52 46 35
52 97 -50
52 88 33
53 80 -44
53 65 -70
53 93 -70
53 14 -45
53 54 -82
53 92 51
53 82 11
53 91 23
53 43 -49
53 40 2
53 8 -38
53 68 -32
53 0 40
54 90 56
54 29 -38
54 22 -28
55 81 -21
55 92 8
56 22 -22
56 89 17
56 42 -3
57 74 -33
57 41 -75
57 93 15
57 59 7
57 52 -3
57 97 -96
58 81 16
59 68 16
59 47 -35
59 8 -55
59 11 8
59 76 -38
59 94 -6
59 24 -55
59 28 -70
59 20 -78
59 23 -33
59 12 -1
59 88 67
59 48 -92
60 63 -77
60 86 -70
61 11 59
61 54 -47
61 66 -53
61 83 41
61 25 -75
61 96 11
61 38 27
61 49 -97
61 30 -67
61 93 -36
61 71 -74
62 45 -80
62 39 -98
62 95 -61
62 23 62
62 71 40
62 42 59
62 60 60
62 47 -32
62 24 -73
63 86 31
64 54 41
64 95 22
64 42 -74
64 72 19
64 67 56
67 90 13
68 92 -58
68 23 -72
68 34 22
68 93 -70
69 25 -53
69 31 28
69 89 1
69 1 17
70 60 65
70 8 -88
72 86 64
72 31 53
72 45 20
73 72 16
73 64 -6
73 25 -93
74 1 57
75 77 45
75 44 -88
75 69 -80
75 40 -3
75 84 -5
75 95 -43
76 80 -16
76 66 -41
76 29 34
76 55 -67
76 63 -60
76 86 -80
77 70 60
77 44 51
77 42 62
77 81 13
77 1 39
77 32 -4
78 84 53
78 41 -19
78 11 -63
78 67 -56
78 22 -61
78 96 16
78 75 17
79 58 -69
79 46 20
79 30 -57
79 3 -46
79 25 -9
79 51 -84
79 77 53
79 71 -62
79 87 -17
79 26 -86
80 11 43
80 66 -75
80 54 -26
81 8 19
81 90 30
81 65 -46
81 26 35
82 22 67
83 31 -79
83 72 -68
83 74 16
83 63 17
83 54 47
83 39 -47
84 69 25
84 45 -88
84 14 68
84 41 -93
85 46 -65
85 33 60
85 86 -87
85 69 -91
85 57 -94
85 8 -56
85 23 -96
85 3 -59
85 96 11
85 93 40
86 71 -29
87 81 -80
87 31 -43
87 1 -100
88 63 -16
88 55 -82
88 78 -88
88 38 40
89 22 40
89 12 6
90 89 -43
90 22 -78
93 12 44
93 63 -73
93 18 11
93 75 50
94 39 -74
94 74 -94
94 64 -71
94 80 9
94 55 -37
95 69 -25
95 22 -51
95 37 -71
95 14 -38
96 46 -84
96 40 30
96 42 -80
96 25 25
97 11 12
97 39 20
97 35 -47
97 27 -93
97 54 -62
97 2 -36
97 60 -24
97 94 79
97 96 80
97 83 56
97 56 -3
98 82 58
98 25 20
98 24 -30
98 94 -84
98 44 2
98 93 -45
98 0 -98
98 92 43
98 40 -3
99 81 -64
99 67 -61
